
**** Build of configuration Debug for project C_Test ****

make all 
Building file: ../src/C_Test.cpp
Invoking: GCC C++ Compiler
g++ -O0 -g3 -Wall -c -fmessage-length=0 -MMD -MP -MF"src/C_Test.d" -MT"src/C_Test.d" -o "src/C_Test.o" "../src/C_Test.cpp"
Finished building: ../src/C_Test.cpp
 
Building target: C_Test
Invoking: GCC C++ Linker
g++  -o "C_Test"  ./src/C_Test.o   
Finished building target: C_Test
 

**** Build Finished ****

**** Build of configuration Debug for project C_Test ****

make all 
make: Nothing to be done for `all'.

**** Build Finished ****

**** Build of configuration Debug for project Cpp ****

make all 
Building file: ../src/Cpp.cpp
Invoking: GCC C++ Compiler
g++ -O0 -g3 -Wall -c -fmessage-length=0 -MMD -MP -MF"src/Cpp.d" -MT"src/Cpp.d" -o "src/Cpp.o" "../src/Cpp.cpp"
Finished building: ../src/Cpp.cpp
 
Building target: Cpp
Invoking: GCC C++ Linker
g++  -o "Cpp"  ./src/Cpp.o   
Finished building target: Cpp
 

**** Build Finished ****

**** Build of configuration Debug for project Cpp ****

make all 
make: Nothing to be done for `all'.

**** Build Finished ****

**** Clean-only build of configuration Debug for project Cpp ****

make clean 
rm -rf  ./src/Cpp.o  ./src/Cpp.d  Cpp
 

**** Build Finished ****

**** Build of configuration Debug for project Cpp ****

make all 
Building file: ../src/01th_oop/person.c
Invoking: GCC C Compiler
gcc -O0 -g3 -Wall -c -fmessage-length=0 -MMD -MP -MF"src/01th_oop/person.d" -MT"src/01th_oop/person.d" -o "src/01th_oop/person.o" "../src/01th_oop/person.c"
../src/01th_oop/person.c: In function ‘main’:
../src/01th_oop/person.c:6:8: warning: unused variable ‘ls_name’ [-Wunused-variable]
Finished building: ../src/01th_oop/person.c
  char *ls_name ="lisi";
 
        ^
Building target: Cpp
../src/01th_oop/person.c:5:8: warning: unused variable ‘zs_name’ [-Wunused-variable]
Invoking: GCC C++ Linker
  char *zs_name="zhangsan";
g++  -o "Cpp"  ./src/01th_oop/person.o   
        ^
Finished building target: Cpp
 

**** Build Finished ****
